<?xml version="1.0" encoding="UTF-8"?>
<testng-results ignored="0" total="1" passed="1" failed="0" skipped="0">
  <reporter-output>
  </reporter-output>
  <suite started-at="2020-11-28T14:59:54 GMT" name="Default suite" finished-at="2020-11-28T15:00:24 GMT" duration-ms="29598">
    <groups>
    </groups>
    <test started-at="2020-11-28T14:59:54 GMT" name="Default test" finished-at="2020-11-28T15:00:24 GMT" duration-ms="29598">
      <class name="page_object_factory_models_tests.FacebookTest">
        <test-method signature="logInToFacebook()[pri:0, instance:page_object_factory_models_tests.FacebookTest@2133814f]" started-at="2020-11-28T14:59:55 GMT" name="logInToFacebook" finished-at="2020-11-28T15:00:24 GMT" duration-ms="29376" status="PASS">
          <reporter-output>
          </reporter-output>
        </test-method> <!-- logInToFacebook -->
      </class> <!-- page_object_factory_models_tests.FacebookTest -->
    </test> <!-- Default test -->
  </suite> <!-- Default suite -->
</testng-results>
